2019-08-09 11:08:38.322 [restartedMain] INFO  cn.gnjf.MyApplication- Starting MyApplication on DESKTOP-2CI6QIT with PID 3000 (D:\work\my\SpringBoot_MyBatis\target\classes started by idmin in D:\work\my\SpringBoot_MyBatis)
2019-08-09 11:08:38.323 [restartedMain] DEBUG cn.gnjf.MyApplication- Running with Spring Boot v2.0.1.RELEASE, Spring v5.0.5.RELEASE
2019-08-09 11:08:38.324 [restartedMain] INFO  cn.gnjf.MyApplication- No active profile set, falling back to default profiles: default
2019-08-09 11:08:38.378 [restartedMain] INFO  org.springframework.boot.web.servlet.context.AnnotationConfigServletWebServerApplicationContext- Refreshing org.springframework.boot.web.servlet.context.AnnotationConfigServletWebServerApplicationContext@2ede127c: startup date [Fri Aug 09 11:08:38 CST 2019]; root of context hierarchy
2019-08-09 11:08:39.605 [restartedMain] INFO  org.springframework.boot.web.embedded.tomcat.TomcatWebServer- Tomcat initialized with port(s): 8088 (http)
2019-08-09 11:08:39.620 [restartedMain] INFO  org.apache.catalina.core.StandardService- Starting service [Tomcat]
2019-08-09 11:08:39.620 [restartedMain] INFO  org.apache.catalina.core.StandardEngine- Starting Servlet Engine: Apache Tomcat/8.5.29
2019-08-09 11:08:39.622 [localhost-startStop-1] INFO  org.apache.catalina.core.AprLifecycleListener- The APR based Apache Tomcat Native library which allows optimal performance in production environments was not found on the java.library.path: [D:\Java\jdk1.8.0_152\bin;C:\WINDOWS\Sun\Java\bin;C:\WINDOWS\system32;C:\WINDOWS;D:\app\idmin\product\11.2.0\dbhome_1\bin;C:\ProgramData\Oracle\Java\javapath;C:\WINDOWS\system32;C:\WINDOWS;C:\WINDOWS\System32\Wbem;C:\WINDOWS\System32\WindowsPowerShell\v1.0\;D:\Java\jdk1.8.0_152\bin;D:\Java\jdk1.8.0_152\jre\bin;C:\WINDOWS\System32\OpenSSH\;D:\MySQL\MySQL Server 8.0\bin;D:\Git\cmd;C:\Program Files\nodejs\;C:\Users\idmin\AppData\Local\Microsoft\WindowsApps;C:\Program Files\JetBrains\IntelliJ IDEA 2018.3.5\bin;;C:\Program Files\JetBrains\IntelliJ IDEA 2018.3.5\plugins\maven\lib\maven3\bin;;C:\Users\idmin\AppData\Local\Programs\Microsoft VS Code\bin;C:\Users\idmin\AppData\Roaming\npm;.]
2019-08-09 11:08:39.688 [localhost-startStop-1] INFO  org.apache.catalina.core.ContainerBase.[Tomcat].[localhost].[/]- Initializing Spring embedded WebApplicationContext
2019-08-09 11:08:39.688 [localhost-startStop-1] INFO  org.springframework.web.context.ContextLoader- Root WebApplicationContext: initialization completed in 1310 ms
2019-08-09 11:08:39.755 [localhost-startStop-1] INFO  org.springframework.boot.web.servlet.ServletRegistrationBean- Servlet dispatcherServlet mapped to [/]
2019-08-09 11:08:39.759 [localhost-startStop-1] INFO  org.springframework.boot.web.servlet.FilterRegistrationBean- Mapping filter: 'characterEncodingFilter' to: [/*]
2019-08-09 11:08:40.161 [restartedMain] INFO  org.springframework.web.servlet.mvc.method.annotation.RequestMappingHandlerMapping- Mapped "{[/menu/findAllList]}" onto public java.util.List<cn.gnjf.dao.entity.Menu> cn.gnjf.controller.MenuController.findAllList()
2019-08-09 11:08:40.162 [restartedMain] INFO  org.springframework.web.servlet.mvc.method.annotation.RequestMappingHandlerMapping- Mapped "{[/role/findAllList]}" onto public java.util.List<cn.gnjf.dao.entity.Role> cn.gnjf.controller.RoleController.findAllList()
2019-08-09 11:08:40.163 [restartedMain] INFO  org.springframework.web.servlet.mvc.method.annotation.RequestMappingHandlerMapping- Mapped "{[/user/list]}" onto public java.lang.String cn.gnjf.controller.UserController.list()
2019-08-09 11:08:40.163 [restartedMain] INFO  org.springframework.web.servlet.mvc.method.annotation.RequestMappingHandlerMapping- Mapped "{[/user/to]}" onto public java.lang.String cn.gnjf.controller.UserController.to()
2019-08-09 11:08:40.164 [restartedMain] INFO  org.springframework.web.servlet.mvc.method.annotation.RequestMappingHandlerMapping- Mapped "{[/user/toIndex],methods=[POST]}" onto public java.lang.String cn.gnjf.controller.UserController.toIndex(javax.servlet.http.HttpServletRequest)
2019-08-09 11:08:40.164 [restartedMain] INFO  org.springframework.web.servlet.mvc.method.annotation.RequestMappingHandlerMapping- Mapped "{[/user/findAllList]}" onto public java.util.List<cn.gnjf.dao.entity.User> cn.gnjf.controller.UserController.findAllList()
2019-08-09 11:08:40.164 [restartedMain] INFO  org.springframework.web.servlet.mvc.method.annotation.RequestMappingHandlerMapping- Mapped "{[/user/login]}" onto public java.lang.String cn.gnjf.controller.UserController.login(org.springframework.ui.Model)
2019-08-09 11:08:40.167 [restartedMain] INFO  org.springframework.web.servlet.mvc.method.annotation.RequestMappingHandlerMapping- Mapped "{[/error]}" onto public org.springframework.http.ResponseEntity<java.util.Map<java.lang.String, java.lang.Object>> org.springframework.boot.autoconfigure.web.servlet.error.BasicErrorController.error(javax.servlet.http.HttpServletRequest)
2019-08-09 11:08:40.168 [restartedMain] INFO  org.springframework.web.servlet.mvc.method.annotation.RequestMappingHandlerMapping- Mapped "{[/error],produces=[text/html]}" onto public org.springframework.web.servlet.ModelAndView org.springframework.boot.autoconfigure.web.servlet.error.BasicErrorController.errorHtml(javax.servlet.http.HttpServletRequest,javax.servlet.http.HttpServletResponse)
2019-08-09 11:08:40.194 [restartedMain] INFO  org.springframework.web.servlet.handler.SimpleUrlHandlerMapping- Mapped URL path [/**] onto handler of type [class org.springframework.web.servlet.resource.DefaultServletHttpRequestHandler]
2019-08-09 11:08:40.228 [restartedMain] INFO  org.springframework.web.servlet.mvc.method.annotation.RequestMappingHandlerAdapter- Looking for @ControllerAdvice: org.springframework.boot.web.servlet.context.AnnotationConfigServletWebServerApplicationContext@2ede127c: startup date [Fri Aug 09 11:08:38 CST 2019]; root of context hierarchy
2019-08-09 11:08:40.271 [restartedMain] WARN  org.thymeleaf.templatemode.TemplateMode- [THYMELEAF][restartedMain] Template Mode 'HTML5' is deprecated. Using Template Mode 'HTML' instead.
2019-08-09 11:08:40.480 [restartedMain] WARN  org.springframework.boot.autoconfigure.thymeleaf.ThymeleafAutoConfiguration$DefaultTemplateResolverConfiguration- Cannot find template location: classpath:/templates/ (please add some templates or check your Thymeleaf configuration)
2019-08-09 11:08:40.553 [restartedMain] WARN  org.springframework.boot.devtools.autoconfigure.OptionalLiveReloadServer- Unable to start LiveReload server
2019-08-09 11:08:40.575 [restartedMain] INFO  org.springframework.jmx.export.annotation.AnnotationMBeanExporter- Registering beans for JMX exposure on startup
2019-08-09 11:08:40.577 [restartedMain] INFO  org.springframework.jmx.export.annotation.AnnotationMBeanExporter- Bean with name 'dataSource' has been autodetected for JMX exposure
2019-08-09 11:08:40.582 [restartedMain] INFO  org.springframework.jmx.export.annotation.AnnotationMBeanExporter- Located MBean 'dataSource': registering with JMX server as MBean [com.alibaba.druid.pool:name=dataSource,type=DruidDataSource]
2019-08-09 11:08:40.596 [restartedMain] ERROR org.apache.catalina.core.StandardService- Failed to start connector [Connector[HTTP/1.1-8088]]
org.apache.catalina.LifecycleException: Failed to start component [Connector[HTTP/1.1-8088]]
	at org.apache.catalina.util.LifecycleBase.start(LifecycleBase.java:167)
	at org.apache.catalina.core.StandardService.addConnector(StandardService.java:225)
	at org.springframework.boot.web.embedded.tomcat.TomcatWebServer.addPreviouslyRemovedConnectors(TomcatWebServer.java:256)
	at org.springframework.boot.web.embedded.tomcat.TomcatWebServer.start(TomcatWebServer.java:198)
	at org.springframework.boot.web.servlet.context.ServletWebServerApplicationContext.startWebServer(ServletWebServerApplicationContext.java:300)
	at org.springframework.boot.web.servlet.context.ServletWebServerApplicationContext.finishRefresh(ServletWebServerApplicationContext.java:162)
	at org.springframework.context.support.AbstractApplicationContext.refresh(AbstractApplicationContext.java:553)
	at org.springframework.boot.web.servlet.context.ServletWebServerApplicationContext.refresh(ServletWebServerApplicationContext.java:140)
	at org.springframework.boot.SpringApplication.refresh(SpringApplication.java:759)
	at org.springframework.boot.SpringApplication.refreshContext(SpringApplication.java:395)
	at org.springframework.boot.SpringApplication.run(SpringApplication.java:327)
	at org.springframework.boot.SpringApplication.run(SpringApplication.java:1255)
	at org.springframework.boot.SpringApplication.run(SpringApplication.java:1243)
	at cn.gnjf.MyApplication.main(MyApplication.java:11)
	at sun.reflect.NativeMethodAccessorImpl.invoke0(Native Method)
	at sun.reflect.NativeMethodAccessorImpl.invoke(NativeMethodAccessorImpl.java:62)
	at sun.reflect.DelegatingMethodAccessorImpl.invoke(DelegatingMethodAccessorImpl.java:43)
	at java.lang.reflect.Method.invoke(Method.java:498)
	at org.springframework.boot.devtools.restart.RestartLauncher.run(RestartLauncher.java:49)
Caused by: org.apache.catalina.LifecycleException: Protocol handler start failed
	at org.apache.catalina.connector.Connector.startInternal(Connector.java:1020)
	at org.apache.catalina.util.LifecycleBase.start(LifecycleBase.java:150)
	... 18 common frames omitted
Caused by: java.net.BindException: Address already in use: bind
	at sun.nio.ch.Net.bind0(Native Method)
	at sun.nio.ch.Net.bind(Net.java:433)
	at sun.nio.ch.Net.bind(Net.java:425)
	at sun.nio.ch.ServerSocketChannelImpl.bind(ServerSocketChannelImpl.java:223)
	at sun.nio.ch.ServerSocketAdaptor.bind(ServerSocketAdaptor.java:74)
	at org.apache.tomcat.util.net.NioEndpoint.bind(NioEndpoint.java:210)
	at org.apache.tomcat.util.net.AbstractEndpoint.start(AbstractEndpoint.java:1150)
	at org.apache.coyote.AbstractProtocol.start(AbstractProtocol.java:591)
	at org.apache.catalina.connector.Connector.startInternal(Connector.java:1018)
	... 19 common frames omitted
2019-08-09 11:08:40.606 [restartedMain] INFO  org.apache.catalina.core.StandardService- Stopping service [Tomcat]
2019-08-09 11:08:40.620 [restartedMain] INFO  org.springframework.boot.autoconfigure.logging.ConditionEvaluationReportLoggingListener- 

Error starting ApplicationContext. To display the conditions report re-run your application with 'debug' enabled.
2019-08-09 11:08:40.623 [restartedMain] ERROR org.springframework.boot.diagnostics.LoggingFailureAnalysisReporter- 

***************************
APPLICATION FAILED TO START
***************************

Description:

The Tomcat connector configured to listen on port 8088 failed to start. The port may already be in use or the connector may be misconfigured.

Action:

Verify the connector's configuration, identify and stop any process that's listening on port 8088, or configure this application to listen on another port.

2019-08-09 11:08:40.624 [restartedMain] INFO  org.springframework.boot.web.servlet.context.AnnotationConfigServletWebServerApplicationContext- Closing org.springframework.boot.web.servlet.context.AnnotationConfigServletWebServerApplicationContext@2ede127c: startup date [Fri Aug 09 11:08:38 CST 2019]; root of context hierarchy
2019-08-09 11:08:40.626 [restartedMain] INFO  org.springframework.jmx.export.annotation.AnnotationMBeanExporter- Unregistering JMX-exposed beans on shutdown
2019-08-09 11:08:40.627 [restartedMain] INFO  org.springframework.jmx.export.annotation.AnnotationMBeanExporter- Unregistering JMX-exposed beans
2019-08-09 11:09:02.741 [restartedMain] INFO  cn.gnjf.MyApplication- Starting MyApplication on DESKTOP-2CI6QIT with PID 16248 (D:\work\my\SpringBoot_MyBatis\target\classes started by idmin in D:\work\my\SpringBoot_MyBatis)
2019-08-09 11:09:02.742 [restartedMain] DEBUG cn.gnjf.MyApplication- Running with Spring Boot v2.0.1.RELEASE, Spring v5.0.5.RELEASE
2019-08-09 11:09:02.744 [restartedMain] INFO  cn.gnjf.MyApplication- No active profile set, falling back to default profiles: default
2019-08-09 11:09:02.783 [restartedMain] INFO  org.springframework.boot.web.servlet.context.AnnotationConfigServletWebServerApplicationContext- Refreshing org.springframework.boot.web.servlet.context.AnnotationConfigServletWebServerApplicationContext@34eb40bf: startup date [Fri Aug 09 11:09:02 CST 2019]; root of context hierarchy
2019-08-09 11:09:04.039 [restartedMain] INFO  org.springframework.boot.web.embedded.tomcat.TomcatWebServer- Tomcat initialized with port(s): 8088 (http)
2019-08-09 11:09:04.056 [restartedMain] INFO  org.apache.catalina.core.StandardService- Starting service [Tomcat]
2019-08-09 11:09:04.056 [restartedMain] INFO  org.apache.catalina.core.StandardEngine- Starting Servlet Engine: Apache Tomcat/8.5.29
2019-08-09 11:09:04.059 [localhost-startStop-1] INFO  org.apache.catalina.core.AprLifecycleListener- The APR based Apache Tomcat Native library which allows optimal performance in production environments was not found on the java.library.path: [D:\Java\jdk1.8.0_152\bin;C:\WINDOWS\Sun\Java\bin;C:\WINDOWS\system32;C:\WINDOWS;D:\app\idmin\product\11.2.0\dbhome_1\bin;C:\ProgramData\Oracle\Java\javapath;C:\WINDOWS\system32;C:\WINDOWS;C:\WINDOWS\System32\Wbem;C:\WINDOWS\System32\WindowsPowerShell\v1.0\;D:\Java\jdk1.8.0_152\bin;D:\Java\jdk1.8.0_152\jre\bin;C:\WINDOWS\System32\OpenSSH\;D:\MySQL\MySQL Server 8.0\bin;D:\Git\cmd;C:\Program Files\nodejs\;C:\Users\idmin\AppData\Local\Microsoft\WindowsApps;C:\Program Files\JetBrains\IntelliJ IDEA 2018.3.5\bin;;C:\Program Files\JetBrains\IntelliJ IDEA 2018.3.5\plugins\maven\lib\maven3\bin;;C:\Users\idmin\AppData\Local\Programs\Microsoft VS Code\bin;C:\Users\idmin\AppData\Roaming\npm;.]
2019-08-09 11:09:04.146 [localhost-startStop-1] INFO  org.apache.catalina.core.ContainerBase.[Tomcat].[localhost].[/]- Initializing Spring embedded WebApplicationContext
2019-08-09 11:09:04.146 [localhost-startStop-1] INFO  org.springframework.web.context.ContextLoader- Root WebApplicationContext: initialization completed in 1363 ms
2019-08-09 11:09:04.211 [localhost-startStop-1] INFO  org.springframework.boot.web.servlet.ServletRegistrationBean- Servlet dispatcherServlet mapped to [/]
2019-08-09 11:09:04.214 [localhost-startStop-1] INFO  org.springframework.boot.web.servlet.FilterRegistrationBean- Mapping filter: 'characterEncodingFilter' to: [/*]
2019-08-09 11:09:04.586 [restartedMain] INFO  org.springframework.web.servlet.mvc.method.annotation.RequestMappingHandlerMapping- Mapped "{[/menu/findAllList]}" onto public java.util.List<cn.gnjf.dao.entity.Menu> cn.gnjf.controller.MenuController.findAllList()
2019-08-09 11:09:04.587 [restartedMain] INFO  org.springframework.web.servlet.mvc.method.annotation.RequestMappingHandlerMapping- Mapped "{[/role/findAllList]}" onto public java.util.List<cn.gnjf.dao.entity.Role> cn.gnjf.controller.RoleController.findAllList()
2019-08-09 11:09:04.588 [restartedMain] INFO  org.springframework.web.servlet.mvc.method.annotation.RequestMappingHandlerMapping- Mapped "{[/user/list]}" onto public java.lang.String cn.gnjf.controller.UserController.list()
2019-08-09 11:09:04.588 [restartedMain] INFO  org.springframework.web.servlet.mvc.method.annotation.RequestMappingHandlerMapping- Mapped "{[/user/to]}" onto public java.lang.String cn.gnjf.controller.UserController.to()
2019-08-09 11:09:04.589 [restartedMain] INFO  org.springframework.web.servlet.mvc.method.annotation.RequestMappingHandlerMapping- Mapped "{[/user/toIndex],methods=[POST]}" onto public java.lang.String cn.gnjf.controller.UserController.toIndex(javax.servlet.http.HttpServletRequest)
2019-08-09 11:09:04.589 [restartedMain] INFO  org.springframework.web.servlet.mvc.method.annotation.RequestMappingHandlerMapping- Mapped "{[/user/login]}" onto public java.lang.String cn.gnjf.controller.UserController.login(org.springframework.ui.Model)
2019-08-09 11:09:04.589 [restartedMain] INFO  org.springframework.web.servlet.mvc.method.annotation.RequestMappingHandlerMapping- Mapped "{[/user/findAllList]}" onto public java.util.List<cn.gnjf.dao.entity.User> cn.gnjf.controller.UserController.findAllList()
2019-08-09 11:09:04.593 [restartedMain] INFO  org.springframework.web.servlet.mvc.method.annotation.RequestMappingHandlerMapping- Mapped "{[/error]}" onto public org.springframework.http.ResponseEntity<java.util.Map<java.lang.String, java.lang.Object>> org.springframework.boot.autoconfigure.web.servlet.error.BasicErrorController.error(javax.servlet.http.HttpServletRequest)
2019-08-09 11:09:04.593 [restartedMain] INFO  org.springframework.web.servlet.mvc.method.annotation.RequestMappingHandlerMapping- Mapped "{[/error],produces=[text/html]}" onto public org.springframework.web.servlet.ModelAndView org.springframework.boot.autoconfigure.web.servlet.error.BasicErrorController.errorHtml(javax.servlet.http.HttpServletRequest,javax.servlet.http.HttpServletResponse)
2019-08-09 11:09:04.619 [restartedMain] INFO  org.springframework.web.servlet.handler.SimpleUrlHandlerMapping- Mapped URL path [/**] onto handler of type [class org.springframework.web.servlet.resource.DefaultServletHttpRequestHandler]
2019-08-09 11:09:04.649 [restartedMain] INFO  org.springframework.web.servlet.mvc.method.annotation.RequestMappingHandlerAdapter- Looking for @ControllerAdvice: org.springframework.boot.web.servlet.context.AnnotationConfigServletWebServerApplicationContext@34eb40bf: startup date [Fri Aug 09 11:09:02 CST 2019]; root of context hierarchy
2019-08-09 11:09:04.690 [restartedMain] WARN  org.thymeleaf.templatemode.TemplateMode- [THYMELEAF][restartedMain] Template Mode 'HTML5' is deprecated. Using Template Mode 'HTML' instead.
2019-08-09 11:09:04.904 [restartedMain] WARN  org.springframework.boot.autoconfigure.thymeleaf.ThymeleafAutoConfiguration$DefaultTemplateResolverConfiguration- Cannot find template location: classpath:/templates/ (please add some templates or check your Thymeleaf configuration)
2019-08-09 11:09:04.969 [restartedMain] INFO  org.springframework.boot.devtools.autoconfigure.OptionalLiveReloadServer- LiveReload server is running on port 35729
2019-08-09 11:09:04.990 [restartedMain] INFO  org.springframework.jmx.export.annotation.AnnotationMBeanExporter- Registering beans for JMX exposure on startup
2019-08-09 11:09:04.991 [restartedMain] INFO  org.springframework.jmx.export.annotation.AnnotationMBeanExporter- Bean with name 'dataSource' has been autodetected for JMX exposure
2019-08-09 11:09:04.995 [restartedMain] INFO  org.springframework.jmx.export.annotation.AnnotationMBeanExporter- Located MBean 'dataSource': registering with JMX server as MBean [com.alibaba.druid.pool:name=dataSource,type=DruidDataSource]
2019-08-09 11:09:05.026 [restartedMain] INFO  org.springframework.boot.web.embedded.tomcat.TomcatWebServer- Tomcat started on port(s): 8088 (http) with context path ''
2019-08-09 11:09:05.031 [restartedMain] INFO  cn.gnjf.MyApplication- Started MyApplication in 2.61 seconds (JVM running for 3.538)
